2017-03-02 13:51:17,179 0    [http-nio-8080-exec-8] INFO  org.hibernate.annotations.common.Version  - HCANN000001: Hibernate Commons Annotations {4.0.5.Final}
2017-03-02 13:51:17,212 33   [http-nio-8080-exec-8] INFO  org.hibernate.Version  - HHH000412: Hibernate Core {4.3.11.Final}
2017-03-02 13:51:17,220 41   [http-nio-8080-exec-8] INFO  org.hibernate.cfg.Environment  - HHH000206: hibernate.properties not found
2017-03-02 13:51:17,224 45   [http-nio-8080-exec-8] INFO  org.hibernate.cfg.Environment  - HHH000021: Bytecode provider name : javassist
2017-03-02 13:51:17,319 140  [http-nio-8080-exec-8] INFO  org.hibernate.cfg.Configuration  - HHH000043: Configuring from resource: /hibernate.cfg.xml
2017-03-02 13:51:17,319 140  [http-nio-8080-exec-8] INFO  org.hibernate.cfg.Configuration  - HHH000040: Configuration resource: /hibernate.cfg.xml
2017-03-02 13:51:17,559 380  [http-nio-8080-exec-8] INFO  org.hibernate.cfg.Configuration  - HHH000041: Configured SessionFactory: null
2017-03-02 13:51:17,952 773  [http-nio-8080-exec-8] WARN  org.hibernate.engine.jdbc.connections.internal.DriverManagerConnectionProviderImpl  - HHH000402: Using Hibernate built-in connection pool (not for production use!)
2017-03-02 13:51:17,965 786  [http-nio-8080-exec-8] INFO  org.hibernate.engine.jdbc.connections.internal.DriverManagerConnectionProviderImpl  - HHH000401: using driver [com.mysql.jdbc.Driver] at URL [jdbc:mysql://localhost:3306/pathfinderdb]
2017-03-02 13:51:17,966 787  [http-nio-8080-exec-8] INFO  org.hibernate.engine.jdbc.connections.internal.DriverManagerConnectionProviderImpl  - HHH000046: Connection properties: {user=root, password=****}
2017-03-02 13:51:17,966 787  [http-nio-8080-exec-8] INFO  org.hibernate.engine.jdbc.connections.internal.DriverManagerConnectionProviderImpl  - HHH000006: Autocommit mode: false
2017-03-02 13:51:17,973 794  [http-nio-8080-exec-8] INFO  org.hibernate.engine.jdbc.connections.internal.DriverManagerConnectionProviderImpl  - HHH000115: Hibernate connection pool size: 20 (min=1)
2017-03-02 13:51:18,495 1316 [http-nio-8080-exec-8] INFO  org.hibernate.dialect.Dialect  - HHH000400: Using dialect: org.hibernate.dialect.MySQL5Dialect
2017-03-02 13:51:19,441 2262 [http-nio-8080-exec-8] INFO  org.hibernate.engine.transaction.internal.TransactionFactoryInitiator  - HHH000399: Using default transaction strategy (direct JDBC transactions)
2017-03-02 13:51:19,464 2285 [http-nio-8080-exec-8] INFO  org.hibernate.hql.internal.ast.ASTQueryTranslatorFactory  - HHH000397: Using ASTQueryTranslatorFactory
2017-03-02 13:58:19,369 0    [http-nio-8080-exec-1] INFO  org.hibernate.annotations.common.Version  - HCANN000001: Hibernate Commons Annotations {4.0.5.Final}
2017-03-02 13:58:19,397 28   [http-nio-8080-exec-1] INFO  org.hibernate.Version  - HHH000412: Hibernate Core {4.3.11.Final}
2017-03-02 13:58:19,406 37   [http-nio-8080-exec-1] INFO  org.hibernate.cfg.Environment  - HHH000206: hibernate.properties not found
2017-03-02 13:58:19,411 42   [http-nio-8080-exec-1] INFO  org.hibernate.cfg.Environment  - HHH000021: Bytecode provider name : javassist
2017-03-02 13:58:19,505 136  [http-nio-8080-exec-1] INFO  org.hibernate.cfg.Configuration  - HHH000043: Configuring from resource: /hibernate.cfg.xml
2017-03-02 13:58:19,506 137  [http-nio-8080-exec-1] INFO  org.hibernate.cfg.Configuration  - HHH000040: Configuration resource: /hibernate.cfg.xml
2017-03-02 13:58:19,810 441  [http-nio-8080-exec-1] INFO  org.hibernate.cfg.Configuration  - HHH000041: Configured SessionFactory: null
2017-03-02 13:58:20,199 830  [http-nio-8080-exec-1] WARN  org.hibernate.engine.jdbc.connections.internal.DriverManagerConnectionProviderImpl  - HHH000402: Using Hibernate built-in connection pool (not for production use!)
2017-03-02 13:58:20,212 843  [http-nio-8080-exec-1] INFO  org.hibernate.engine.jdbc.connections.internal.DriverManagerConnectionProviderImpl  - HHH000401: using driver [com.mysql.jdbc.Driver] at URL [jdbc:mysql://localhost:3306/pathfinderdb]
2017-03-02 13:58:20,213 844  [http-nio-8080-exec-1] INFO  org.hibernate.engine.jdbc.connections.internal.DriverManagerConnectionProviderImpl  - HHH000046: Connection properties: {user=root, password=****}
2017-03-02 13:58:20,213 844  [http-nio-8080-exec-1] INFO  org.hibernate.engine.jdbc.connections.internal.DriverManagerConnectionProviderImpl  - HHH000006: Autocommit mode: false
2017-03-02 13:58:20,219 850  [http-nio-8080-exec-1] INFO  org.hibernate.engine.jdbc.connections.internal.DriverManagerConnectionProviderImpl  - HHH000115: Hibernate connection pool size: 20 (min=1)
2017-03-02 13:58:20,755 1386 [http-nio-8080-exec-1] INFO  org.hibernate.dialect.Dialect  - HHH000400: Using dialect: org.hibernate.dialect.MySQL5Dialect
2017-03-02 13:58:21,855 2486 [http-nio-8080-exec-1] INFO  org.hibernate.engine.transaction.internal.TransactionFactoryInitiator  - HHH000399: Using default transaction strategy (direct JDBC transactions)
2017-03-02 13:58:21,877 2508 [http-nio-8080-exec-1] INFO  org.hibernate.hql.internal.ast.ASTQueryTranslatorFactory  - HHH000397: Using ASTQueryTranslatorFactory
2017-03-02 14:07:26,965 0    [http-nio-8080-exec-3] INFO  org.hibernate.annotations.common.Version  - HCANN000001: Hibernate Commons Annotations {4.0.5.Final}
2017-03-02 14:07:26,998 33   [http-nio-8080-exec-3] INFO  org.hibernate.Version  - HHH000412: Hibernate Core {4.3.11.Final}
2017-03-02 14:07:27,006 41   [http-nio-8080-exec-3] INFO  org.hibernate.cfg.Environment  - HHH000206: hibernate.properties not found
2017-03-02 14:07:27,010 45   [http-nio-8080-exec-3] INFO  org.hibernate.cfg.Environment  - HHH000021: Bytecode provider name : javassist
2017-03-02 14:07:27,115 150  [http-nio-8080-exec-3] INFO  org.hibernate.cfg.Configuration  - HHH000043: Configuring from resource: /hibernate.cfg.xml
2017-03-02 14:07:27,115 150  [http-nio-8080-exec-3] INFO  org.hibernate.cfg.Configuration  - HHH000040: Configuration resource: /hibernate.cfg.xml
2017-03-02 14:07:27,382 417  [http-nio-8080-exec-3] INFO  org.hibernate.cfg.Configuration  - HHH000041: Configured SessionFactory: null
2017-03-02 14:07:27,774 809  [http-nio-8080-exec-3] WARN  org.hibernate.engine.jdbc.connections.internal.DriverManagerConnectionProviderImpl  - HHH000402: Using Hibernate built-in connection pool (not for production use!)
2017-03-02 14:07:27,786 821  [http-nio-8080-exec-3] INFO  org.hibernate.engine.jdbc.connections.internal.DriverManagerConnectionProviderImpl  - HHH000401: using driver [com.mysql.jdbc.Driver] at URL [jdbc:mysql://localhost:3306/pathfinderdb]
2017-03-02 14:07:27,787 822  [http-nio-8080-exec-3] INFO  org.hibernate.engine.jdbc.connections.internal.DriverManagerConnectionProviderImpl  - HHH000046: Connection properties: {user=root, password=****}
2017-03-02 14:07:27,787 822  [http-nio-8080-exec-3] INFO  org.hibernate.engine.jdbc.connections.internal.DriverManagerConnectionProviderImpl  - HHH000006: Autocommit mode: false
2017-03-02 14:07:27,792 827  [http-nio-8080-exec-3] INFO  org.hibernate.engine.jdbc.connections.internal.DriverManagerConnectionProviderImpl  - HHH000115: Hibernate connection pool size: 20 (min=1)
2017-03-02 14:07:28,305 1340 [http-nio-8080-exec-3] INFO  org.hibernate.dialect.Dialect  - HHH000400: Using dialect: org.hibernate.dialect.MySQL5Dialect
2017-03-02 14:07:29,177 2212 [http-nio-8080-exec-3] INFO  org.hibernate.engine.transaction.internal.TransactionFactoryInitiator  - HHH000399: Using default transaction strategy (direct JDBC transactions)
2017-03-02 14:07:29,199 2234 [http-nio-8080-exec-3] INFO  org.hibernate.hql.internal.ast.ASTQueryTranslatorFactory  - HHH000397: Using ASTQueryTranslatorFactory
2017-03-02 14:10:03,994 0    [http-nio-8080-exec-3] INFO  org.hibernate.annotations.common.Version  - HCANN000001: Hibernate Commons Annotations {4.0.5.Final}
2017-03-02 14:10:04,026 32   [http-nio-8080-exec-3] INFO  org.hibernate.Version  - HHH000412: Hibernate Core {4.3.11.Final}
2017-03-02 14:10:04,036 42   [http-nio-8080-exec-3] INFO  org.hibernate.cfg.Environment  - HHH000206: hibernate.properties not found
2017-03-02 14:10:04,042 48   [http-nio-8080-exec-3] INFO  org.hibernate.cfg.Environment  - HHH000021: Bytecode provider name : javassist
2017-03-02 14:10:04,145 151  [http-nio-8080-exec-3] INFO  org.hibernate.cfg.Configuration  - HHH000043: Configuring from resource: /hibernate.cfg.xml
2017-03-02 14:10:04,145 151  [http-nio-8080-exec-3] INFO  org.hibernate.cfg.Configuration  - HHH000040: Configuration resource: /hibernate.cfg.xml
2017-03-02 14:10:04,352 358  [http-nio-8080-exec-3] INFO  org.hibernate.cfg.Configuration  - HHH000041: Configured SessionFactory: null
2017-03-02 14:10:04,715 721  [http-nio-8080-exec-3] WARN  org.hibernate.engine.jdbc.connections.internal.DriverManagerConnectionProviderImpl  - HHH000402: Using Hibernate built-in connection pool (not for production use!)
2017-03-02 14:10:04,726 732  [http-nio-8080-exec-3] INFO  org.hibernate.engine.jdbc.connections.internal.DriverManagerConnectionProviderImpl  - HHH000401: using driver [com.mysql.jdbc.Driver] at URL [jdbc:mysql://localhost:3306/pathfinderdb]
2017-03-02 14:10:04,726 732  [http-nio-8080-exec-3] INFO  org.hibernate.engine.jdbc.connections.internal.DriverManagerConnectionProviderImpl  - HHH000046: Connection properties: {user=root, password=****}
2017-03-02 14:10:04,726 732  [http-nio-8080-exec-3] INFO  org.hibernate.engine.jdbc.connections.internal.DriverManagerConnectionProviderImpl  - HHH000006: Autocommit mode: false
2017-03-02 14:10:04,731 737  [http-nio-8080-exec-3] INFO  org.hibernate.engine.jdbc.connections.internal.DriverManagerConnectionProviderImpl  - HHH000115: Hibernate connection pool size: 20 (min=1)
2017-03-02 14:10:05,239 1245 [http-nio-8080-exec-3] INFO  org.hibernate.dialect.Dialect  - HHH000400: Using dialect: org.hibernate.dialect.MySQL5Dialect
2017-03-02 14:10:06,125 2131 [http-nio-8080-exec-3] INFO  org.hibernate.engine.transaction.internal.TransactionFactoryInitiator  - HHH000399: Using default transaction strategy (direct JDBC transactions)
2017-03-02 14:10:06,148 2154 [http-nio-8080-exec-3] INFO  org.hibernate.hql.internal.ast.ASTQueryTranslatorFactory  - HHH000397: Using ASTQueryTranslatorFactory
2017-03-02 14:25:02,177 0    [http-nio-8080-exec-4] INFO  org.hibernate.annotations.common.Version  - HCANN000001: Hibernate Commons Annotations {4.0.5.Final}
2017-03-02 14:25:02,207 30   [http-nio-8080-exec-4] INFO  org.hibernate.Version  - HHH000412: Hibernate Core {4.3.11.Final}
2017-03-02 14:25:02,213 36   [http-nio-8080-exec-4] INFO  org.hibernate.cfg.Environment  - HHH000206: hibernate.properties not found
2017-03-02 14:25:02,218 41   [http-nio-8080-exec-4] INFO  org.hibernate.cfg.Environment  - HHH000021: Bytecode provider name : javassist
2017-03-02 14:25:02,320 143  [http-nio-8080-exec-4] INFO  org.hibernate.cfg.Configuration  - HHH000043: Configuring from resource: /hibernate.cfg.xml
2017-03-02 14:25:02,321 144  [http-nio-8080-exec-4] INFO  org.hibernate.cfg.Configuration  - HHH000040: Configuration resource: /hibernate.cfg.xml
2017-03-02 14:25:02,511 334  [http-nio-8080-exec-4] INFO  org.hibernate.cfg.Configuration  - HHH000041: Configured SessionFactory: null
2017-03-02 14:25:02,876 699  [http-nio-8080-exec-4] WARN  org.hibernate.engine.jdbc.connections.internal.DriverManagerConnectionProviderImpl  - HHH000402: Using Hibernate built-in connection pool (not for production use!)
2017-03-02 14:25:02,889 712  [http-nio-8080-exec-4] INFO  org.hibernate.engine.jdbc.connections.internal.DriverManagerConnectionProviderImpl  - HHH000401: using driver [com.mysql.jdbc.Driver] at URL [jdbc:mysql://localhost:3306/pathfinderdb]
2017-03-02 14:25:02,889 712  [http-nio-8080-exec-4] INFO  org.hibernate.engine.jdbc.connections.internal.DriverManagerConnectionProviderImpl  - HHH000046: Connection properties: {user=root, password=****}
2017-03-02 14:25:02,890 713  [http-nio-8080-exec-4] INFO  org.hibernate.engine.jdbc.connections.internal.DriverManagerConnectionProviderImpl  - HHH000006: Autocommit mode: false
2017-03-02 14:25:02,894 717  [http-nio-8080-exec-4] INFO  org.hibernate.engine.jdbc.connections.internal.DriverManagerConnectionProviderImpl  - HHH000115: Hibernate connection pool size: 20 (min=1)
2017-03-02 14:25:03,389 1212 [http-nio-8080-exec-4] INFO  org.hibernate.dialect.Dialect  - HHH000400: Using dialect: org.hibernate.dialect.MySQL5Dialect
2017-03-02 14:25:04,226 2049 [http-nio-8080-exec-4] INFO  org.hibernate.engine.transaction.internal.TransactionFactoryInitiator  - HHH000399: Using default transaction strategy (direct JDBC transactions)
2017-03-02 14:25:04,246 2069 [http-nio-8080-exec-4] INFO  org.hibernate.hql.internal.ast.ASTQueryTranslatorFactory  - HHH000397: Using ASTQueryTranslatorFactory
2017-03-02 14:26:19,301 77124 [http-nio-8080-exec-3] INFO  logger  - dao created
2017-03-02 14:26:19,302 77125 [http-nio-8080-exec-3] INFO  logger  - in getListOfSheets
2017-03-02 14:26:22,018 79841 [http-nio-8080-exec-4] INFO  logger  - dao created
2017-03-02 14:26:22,024 79847 [http-nio-8080-exec-4] INFO  logger  - creating sheet
2017-03-02 14:26:22,064 79887 [http-nio-8080-exec-4] INFO  logger  - creating description
2017-03-02 14:26:22,064 79887 [http-nio-8080-exec-4] INFO  logger  - creating general
2017-03-02 14:26:22,065 79888 [http-nio-8080-exec-4] INFO  logger  - creating ability columns
2017-03-02 14:26:22,065 79888 [http-nio-8080-exec-4] INFO  logger  - adding ability column BASE with id = 0
2017-03-02 14:26:22,065 79888 [http-nio-8080-exec-4] INFO  logger  - adding ability column RACE with id = 1
2017-03-02 14:26:22,066 79889 [http-nio-8080-exec-4] INFO  logger  - adding ability column MISC with id = 2
2017-03-02 14:26:22,066 79889 [http-nio-8080-exec-4] INFO  logger  - adding ability column TEMP with id = 3
2017-03-02 14:26:22,066 79889 [http-nio-8080-exec-4] INFO  logger  - creating skills
2017-03-02 14:26:22,387 80210 [http-nio-8080-exec-5] INFO  logger  - dao created
2017-03-02 14:26:22,388 80211 [http-nio-8080-exec-5] INFO  logger  - in getListOfSheets
2017-03-02 14:26:41,343 99166 [http-nio-8080-exec-8] INFO  logger  - dao created
2017-03-02 14:26:41,343 99166 [http-nio-8080-exec-8] INFO  logger  - in getListOfSheets
2017-03-02 14:27:45,825 0    [http-nio-8080-exec-1] INFO  logger  - dao created
2017-03-02 14:27:45,828 3    [http-nio-8080-exec-1] INFO  logger  - in getListOfSheets
2017-03-02 14:27:46,374 549  [http-nio-8080-exec-1] INFO  org.hibernate.annotations.common.Version  - HCANN000001: Hibernate Commons Annotations {4.0.5.Final}
2017-03-02 14:27:46,407 582  [http-nio-8080-exec-1] INFO  org.hibernate.Version  - HHH000412: Hibernate Core {4.3.11.Final}
2017-03-02 14:27:46,417 592  [http-nio-8080-exec-1] INFO  org.hibernate.cfg.Environment  - HHH000206: hibernate.properties not found
2017-03-02 14:27:46,422 597  [http-nio-8080-exec-1] INFO  org.hibernate.cfg.Environment  - HHH000021: Bytecode provider name : javassist
2017-03-02 14:27:46,535 710  [http-nio-8080-exec-1] INFO  org.hibernate.cfg.Configuration  - HHH000043: Configuring from resource: /hibernate.cfg.xml
2017-03-02 14:27:46,535 710  [http-nio-8080-exec-1] INFO  org.hibernate.cfg.Configuration  - HHH000040: Configuration resource: /hibernate.cfg.xml
2017-03-02 14:27:46,772 947  [http-nio-8080-exec-1] INFO  org.hibernate.cfg.Configuration  - HHH000041: Configured SessionFactory: null
2017-03-02 14:27:47,187 1362 [http-nio-8080-exec-1] WARN  org.hibernate.engine.jdbc.connections.internal.DriverManagerConnectionProviderImpl  - HHH000402: Using Hibernate built-in connection pool (not for production use!)
2017-03-02 14:27:47,200 1375 [http-nio-8080-exec-1] INFO  org.hibernate.engine.jdbc.connections.internal.DriverManagerConnectionProviderImpl  - HHH000401: using driver [com.mysql.jdbc.Driver] at URL [jdbc:mysql://localhost:3306/pathfinderdb]
2017-03-02 14:27:47,200 1375 [http-nio-8080-exec-1] INFO  org.hibernate.engine.jdbc.connections.internal.DriverManagerConnectionProviderImpl  - HHH000046: Connection properties: {user=root, password=****}
2017-03-02 14:27:47,201 1376 [http-nio-8080-exec-1] INFO  org.hibernate.engine.jdbc.connections.internal.DriverManagerConnectionProviderImpl  - HHH000006: Autocommit mode: false
2017-03-02 14:27:47,207 1382 [http-nio-8080-exec-1] INFO  org.hibernate.engine.jdbc.connections.internal.DriverManagerConnectionProviderImpl  - HHH000115: Hibernate connection pool size: 20 (min=1)
2017-03-02 14:27:47,770 1945 [http-nio-8080-exec-1] INFO  org.hibernate.dialect.Dialect  - HHH000400: Using dialect: org.hibernate.dialect.MySQL5Dialect
2017-03-02 14:27:48,764 2939 [http-nio-8080-exec-1] INFO  org.hibernate.engine.transaction.internal.TransactionFactoryInitiator  - HHH000399: Using default transaction strategy (direct JDBC transactions)
2017-03-02 14:27:48,785 2960 [http-nio-8080-exec-1] INFO  org.hibernate.hql.internal.ast.ASTQueryTranslatorFactory  - HHH000397: Using ASTQueryTranslatorFactory
2017-03-02 14:27:53,553 7728 [http-nio-8080-exec-3] INFO  logger  - dao created
2017-03-02 14:27:53,562 7737 [http-nio-8080-exec-3] INFO  logger  - creating sheet
2017-03-02 14:27:53,704 7879 [http-nio-8080-exec-3] INFO  logger  - creating description
2017-03-02 14:27:53,704 7879 [http-nio-8080-exec-3] INFO  logger  - creating general
2017-03-02 14:27:53,705 7880 [http-nio-8080-exec-3] INFO  logger  - creating ability columns
2017-03-02 14:27:53,705 7880 [http-nio-8080-exec-3] INFO  logger  - adding ability column BASE with id = 0
2017-03-02 14:27:53,705 7880 [http-nio-8080-exec-3] INFO  logger  - adding ability column RACE with id = 1
2017-03-02 14:27:53,705 7880 [http-nio-8080-exec-3] INFO  logger  - adding ability column MISC with id = 2
2017-03-02 14:27:53,706 7881 [http-nio-8080-exec-3] INFO  logger  - adding ability column TEMP with id = 3
2017-03-02 14:27:53,706 7881 [http-nio-8080-exec-3] INFO  logger  - creating skills
2017-03-02 14:27:54,230 8405 [http-nio-8080-exec-4] INFO  logger  - dao created
2017-03-02 14:27:54,230 8405 [http-nio-8080-exec-4] INFO  logger  - in getListOfSheets
2017-03-02 14:27:57,109 11284 [http-nio-8080-exec-8] INFO  logger  - dao created
2017-03-02 14:27:57,127 11302 [http-nio-8080-exec-8] INFO  logger  - 97
2017-03-02 14:28:46,188 60363 [http-nio-8080-exec-2] INFO  logger  - saving sheet...
2017-03-02 14:28:46,191 60366 [http-nio-8080-exec-2] INFO  logger  - json string created
2017-03-02 14:28:46,191 60366 [http-nio-8080-exec-2] INFO  logger  - sheet value: {"sheetId":141,"ownerUsername":"testUser3","characterName":"Test Sheet","characterRace":"Human","dateCreated":1488486474000,"lastAccessed":1488486474000,"campaign":"","sheetClasses":[{"sheetId":141,"className":"Test Class","archetype":"","level":1,"hitPoints":10,"hitDie":10,"babProgression":"full","fortProgression":"fast","refProgression":"fast","willProgression":"slow","skillsPerLevel":2,"casterAbility":"---","spellCap":"None","castingType":"None","preparedCaster":false,"casterBonusMisc":0}],"sheetDescription":{"sheetId":141,"gender":null,"alignment":null,"deity":null,"age":null,"height":null,"weight":null,"visualDescription":null,"biography":null,"languages":null},"sheetGeneral":{"sheetId":141,"hpCurrent":10,"initMisc":0,"fortMisc":0,"refMisc":0,"willMisc":0,"favoredClassId":0,"fcHitPoints":0,"fcSkillRanks":0,"fcAlternateBonus":0,"fcAlternateBonusDesc":"None"},"sheetArmors":[],"sheetSkills":[{"sheetId":141,"skillId":804,"order":1,"skillName":"Acrobatics","skillAbility":"dex","skillRanks":0,"skillMisc":0,"reqTrained":false,"classSkill":false},{"sheetId":141,"skillId":805,"order":2,"skillName":"Appraise","skillAbility":"int","skillRanks":0,"skillMisc":0,"reqTrained":false,"classSkill":false},{"sheetId":141,"skillId":806,"order":3,"skillName":"Bluff","skillAbility":"cha","skillRanks":0,"skillMisc":0,"reqTrained":false,"classSkill":false},{"sheetId":141,"skillId":807,"order":4,"skillName":"Climb","skillAbility":"str","skillRanks":0,"skillMisc":0,"reqTrained":false,"classSkill":false},{"sheetId":141,"skillId":808,"order":5,"skillName":"Craft","skillAbility":"int","skillRanks":0,"skillMisc":0,"reqTrained":false,"classSkill":false},{"sheetId":141,"skillId":809,"order":6,"skillName":"Diplomacy","skillAbility":"cha","skillRanks":0,"skillMisc":0,"reqTrained":false,"classSkill":false},{"sheetId":141,"skillId":810,"order":7,"skillName":"Disable Device","skillAbility":"dex","skillRanks":0,"skillMisc":0,"reqTrained":true,"classSkill":false},{"sheetId":141,"skillId":811,"order":8,"skillName":"Disguise","skillAbility":"cha","skillRanks":0,"skillMisc":0,"reqTrained":false,"classSkill":false},{"sheetId":141,"skillId":812,"order":9,"skillName":"Escape Artist","skillAbility":"dex","skillRanks":0,"skillMisc":0,"reqTrained":false,"classSkill":false},{"sheetId":141,"skillId":813,"order":10,"skillName":"Fly","skillAbility":"dex","skillRanks":0,"skillMisc":0,"reqTrained":false,"classSkill":false},{"sheetId":141,"skillId":814,"order":11,"skillName":"Handle Animal","skillAbility":"cha","skillRanks":0,"skillMisc":0,"reqTrained":true,"classSkill":false},{"sheetId":141,"skillId":815,"order":12,"skillName":"Heal","skillAbility":"wis","skillRanks":0,"skillMisc":0,"reqTrained":false,"classSkill":false},{"sheetId":141,"skillId":816,"order":13,"skillName":"Intimidate","skillAbility":"cha","skillRanks":0,"skillMisc":0,"reqTrained":false,"classSkill":false},{"sheetId":141,"skillId":817,"order":14,"skillName":"Knowledge (Arcana)","skillAbility":"int","skillRanks":0,"skillMisc":0,"reqTrained":true,"classSkill":false},{"sheetId":141,"skillId":818,"order":15,"skillName":"Knowledge (Dungeoneering)","skillAbility":"int","skillRanks":0,"skillMisc":0,"reqTrained":true,"classSkill":false},{"sheetId":141,"skillId":819,"order":16,"skillName":"Knowledge (Engineering)","skillAbility":"int","skillRanks":0,"skillMisc":0,"reqTrained":true,"classSkill":false},{"sheetId":141,"skillId":820,"order":17,"skillName":"Knowledge (Geography)","skillAbility":"int","skillRanks":0,"skillMisc":0,"reqTrained":true,"classSkill":false},{"sheetId":141,"skillId":821,"order":18,"skillName":"Knowledge (History)","skillAbility":"int","skillRanks":0,"skillMisc":0,"reqTrained":true,"classSkill":false},{"sheetId":141,"skillId":822,"order":19,"skillName":"Knowledge (Local)","skillAbility":"int","skillRanks":0,"skillMisc":0,"reqTrained":true,"classSkill":false},{"sheetId":141,"skillId":823,"order":20,"skillName":"Knowledge (Nature)","skillAbility":"int","skillRanks":0,"skillMisc":0,"reqTrained":true,"classSkill":false},{"sheetId":141,"skillId":824,"order":21,"skillName":"Knowledge (Nobility)","skillAbility":"int","skillRanks":0,"skillMisc":0,"reqTrained":true,"classSkill":false},{"sheetId":141,"skillId":825,"order":22,"skillName":"Knowledge (Planes)","skillAbility":"int","skillRanks":0,"skillMisc":0,"reqTrained":true,"classSkill":false},{"sheetId":141,"skillId":826,"order":23,"skillName":"Knowledge (Religion)","skillAbility":"int","skillRanks":0,"skillMisc":0,"reqTrained":true,"classSkill":false},{"sheetId":141,"skillId":827,"order":24,"skillName":"Linguistics","skillAbility":"int","skillRanks":0,"skillMisc":0,"reqTrained":true,"classSkill":false},{"sheetId":141,"skillId":828,"order":25,"skillName":"Perception","skillAbility":"wis","skillRanks":0,"skillMisc":0,"reqTrained":false,"classSkill":false},{"sheetId":141,"skillId":829,"order":26,"skillName":"Perform","skillAbility":"cha","skillRanks":0,"skillMisc":0,"reqTrained":false,"classSkill":false},{"sheetId":141,"skillId":830,"order":27,"skillName":"Profession","skillAbility":"wis","skillRanks":0,"skillMisc":0,"reqTrained":true,"classSkill":false},{"sheetId":141,"skillId":831,"order":28,"skillName":"Ride","skillAbility":"dex","skillRanks":0,"skillMisc":0,"reqTrained":false,"classSkill":false},{"sheetId":141,"skillId":832,"order":29,"skillName":"Sense Motive","skillAbility":"wis","skillRanks":0,"skillMisc":0,"reqTrained":false,"classSkill":false},{"sheetId":141,"skillId":833,"order":30,"skillName":"Sleight of Hand","skillAbility":"dex","skillRanks":0,"skillMisc":0,"reqTrained":true,"classSkill":false},{"sheetId":141,"skillId":834,"order":31,"skillName":"Spellcraft","skillAbility":"int","skillRanks":0,"skillMisc":0,"reqTrained":true,"classSkill":false},{"sheetId":141,"skillId":835,"order":32,"skillName":"Stealth","skillAbility":"dex","skillRanks":0,"skillMisc":0,"reqTrained":false,"classSkill":false},{"sheetId":141,"skillId":836,"order":33,"skillName":"Survival","skillAbility":"wis","skillRanks":0,"skillMisc":0,"reqTrained":false,"classSkill":false},{"sheetId":141,"skillId":837,"order":34,"skillName":"Swim","skillAbility":"str","skillRanks":0,"skillMisc":0,"reqTrained":false,"classSkill":false},{"sheetId":141,"skillId":838,"order":35,"skillName":"Use Magic Device","skillAbility":"cha","skillRanks":0,"skillMisc":0,"reqTrained":true,"classSkill":false}],"sheetSpeeds":{"sheetId":141,"speedBase":0,"speedFly":0,"speedSwim":0,"speedClimb":0,"speedBurrow":0,"calculateBy":null},"sheetAbilities":[],"sheetFeats":[],"sheetItems":[],"sheetMoney":{"sheetId":141,"pp":0,"gp":0,"sp":0,"cp":0},"sheetRacialTraits":[],"sheetWeapons":[],"sheetAbilityScoreColumns":[{"sheetId":141,"columnId":97,"columnName":"BASE","strRow":10,"dexRow":10,"conRow":10,"intRow":10,"wisRow":10,"chaRow":10,"enabled":true}]}
2017-03-02 14:28:46,384 60559 [http-nio-8080-exec-2] INFO  logger  - Test Sheet
2017-03-02 14:28:46,384 60559 [http-nio-8080-exec-2] INFO  logger  - dao created
2017-03-02 14:28:46,385 60560 [http-nio-8080-exec-2] INFO  logger  - Saving/updating sheet in hibernate...
2017-03-02 14:28:51,713 65888 [http-nio-8080-exec-3] INFO  logger  - dao created
2017-03-02 14:28:51,723 65898 [http-nio-8080-exec-3] INFO  logger  - 97
2017-03-02 14:28:51,727 65902 [http-nio-8080-exec-3] INFO  logger  - 1
2017-03-02 14:29:29,849 104024 [http-nio-8080-exec-5] INFO  logger  - saving sheet...
2017-03-02 14:29:29,850 104025 [http-nio-8080-exec-5] INFO  logger  - json string created
2017-03-02 14:29:29,850 104025 [http-nio-8080-exec-5] INFO  logger  - sheet value: {"sheetId":141,"ownerUsername":"testUser3","characterName":"Test Sheet","characterRace":"Human","dateCreated":1488486474000,"lastAccessed":1488486526000,"campaign":"","sheetClasses":[{"sheetId":141,"classId":41,"className":"Test Class","archetype":"","level":1,"hitPoints":10,"hitDie":10,"babProgression":"full","fortProgression":"fast","refProgression":"fast","skillsPerLevel":2,"willProgression":"slow","casterAbility":"---","spellCap":"None","castingType":"None","preparedCaster":false,"casterBonusMisc":0,"description":null,"sheetSpells":[],"sheetClassFeatures":[]}],"sheetDescription":{"sheetId":141,"gender":null,"alignment":null,"deity":null,"age":null,"height":null,"weight":null,"visualDescription":null,"biography":null,"languages":null},"sheetGeneral":{"sheetId":141,"hpCurrent":10,"initMisc":0,"fortMisc":0,"refMisc":0,"willMisc":0,"favoredClassId":0,"fcHitPoints":0,"fcSkillRanks":0,"fcAlternateBonus":0,"fcAlternateBonusDesc":"None"},"sheetArmors":[],"sheetSkills":[{"sheetId":141,"skillId":804,"order":1,"skillName":"Acrobatics","skillAbility":"dex","skillRanks":0,"skillMisc":0,"reqTrained":false,"classSkill":false},{"sheetId":141,"skillId":805,"order":2,"skillName":"Appraise","skillAbility":"int","skillRanks":0,"skillMisc":0,"reqTrained":false,"classSkill":false},{"sheetId":141,"skillId":806,"order":3,"skillName":"Bluff","skillAbility":"cha","skillRanks":0,"skillMisc":0,"reqTrained":false,"classSkill":false},{"sheetId":141,"skillId":807,"order":4,"skillName":"Climb","skillAbility":"str","skillRanks":0,"skillMisc":0,"reqTrained":false,"classSkill":false},{"sheetId":141,"skillId":808,"order":5,"skillName":"Craft","skillAbility":"int","skillRanks":0,"skillMisc":0,"reqTrained":false,"classSkill":false},{"sheetId":141,"skillId":809,"order":6,"skillName":"Diplomacy","skillAbility":"cha","skillRanks":0,"skillMisc":0,"reqTrained":false,"classSkill":false},{"sheetId":141,"skillId":810,"order":7,"skillName":"Disable Device","skillAbility":"dex","skillRanks":0,"skillMisc":0,"reqTrained":true,"classSkill":false},{"sheetId":141,"skillId":811,"order":8,"skillName":"Disguise","skillAbility":"cha","skillRanks":0,"skillMisc":0,"reqTrained":false,"classSkill":false},{"sheetId":141,"skillId":812,"order":9,"skillName":"Escape Artist","skillAbility":"dex","skillRanks":0,"skillMisc":0,"reqTrained":false,"classSkill":false},{"sheetId":141,"skillId":813,"order":10,"skillName":"Fly","skillAbility":"dex","skillRanks":0,"skillMisc":0,"reqTrained":false,"classSkill":false},{"sheetId":141,"skillId":814,"order":11,"skillName":"Handle Animal","skillAbility":"cha","skillRanks":0,"skillMisc":0,"reqTrained":true,"classSkill":false},{"sheetId":141,"skillId":815,"order":12,"skillName":"Heal","skillAbility":"wis","skillRanks":0,"skillMisc":0,"reqTrained":false,"classSkill":false},{"sheetId":141,"skillId":816,"order":13,"skillName":"Intimidate","skillAbility":"cha","skillRanks":0,"skillMisc":0,"reqTrained":false,"classSkill":false},{"sheetId":141,"skillId":817,"order":14,"skillName":"Knowledge (Arcana)","skillAbility":"int","skillRanks":0,"skillMisc":0,"reqTrained":true,"classSkill":false},{"sheetId":141,"skillId":818,"order":15,"skillName":"Knowledge (Dungeoneering)","skillAbility":"int","skillRanks":0,"skillMisc":0,"reqTrained":true,"classSkill":false},{"sheetId":141,"skillId":819,"order":16,"skillName":"Knowledge (Engineering)","skillAbility":"int","skillRanks":0,"skillMisc":0,"reqTrained":true,"classSkill":false},{"sheetId":141,"skillId":820,"order":17,"skillName":"Knowledge (Geography)","skillAbility":"int","skillRanks":0,"skillMisc":0,"reqTrained":true,"classSkill":false},{"sheetId":141,"skillId":821,"order":18,"skillName":"Knowledge (History)","skillAbility":"int","skillRanks":0,"skillMisc":0,"reqTrained":true,"classSkill":false},{"sheetId":141,"skillId":822,"order":19,"skillName":"Knowledge (Local)","skillAbility":"int","skillRanks":0,"skillMisc":0,"reqTrained":true,"classSkill":false},{"sheetId":141,"skillId":823,"order":20,"skillName":"Knowledge (Nature)","skillAbility":"int","skillRanks":0,"skillMisc":0,"reqTrained":true,"classSkill":false},{"sheetId":141,"skillId":824,"order":21,"skillName":"Knowledge (Nobility)","skillAbility":"int","skillRanks":0,"skillMisc":0,"reqTrained":true,"classSkill":false},{"sheetId":141,"skillId":825,"order":22,"skillName":"Knowledge (Planes)","skillAbility":"int","skillRanks":0,"skillMisc":0,"reqTrained":true,"classSkill":false},{"sheetId":141,"skillId":826,"order":23,"skillName":"Knowledge (Religion)","skillAbility":"int","skillRanks":0,"skillMisc":0,"reqTrained":true,"classSkill":false},{"sheetId":141,"skillId":827,"order":24,"skillName":"Linguistics","skillAbility":"int","skillRanks":0,"skillMisc":0,"reqTrained":true,"classSkill":false},{"sheetId":141,"skillId":828,"order":25,"skillName":"Perception","skillAbility":"wis","skillRanks":0,"skillMisc":0,"reqTrained":false,"classSkill":false},{"sheetId":141,"skillId":829,"order":26,"skillName":"Perform","skillAbility":"cha","skillRanks":0,"skillMisc":0,"reqTrained":false,"classSkill":false},{"sheetId":141,"skillId":830,"order":27,"skillName":"Profession","skillAbility":"wis","skillRanks":0,"skillMisc":0,"reqTrained":true,"classSkill":false},{"sheetId":141,"skillId":831,"order":28,"skillName":"Ride","skillAbility":"dex","skillRanks":0,"skillMisc":0,"reqTrained":false,"classSkill":false},{"sheetId":141,"skillId":832,"order":29,"skillName":"Sense Motive","skillAbility":"wis","skillRanks":0,"skillMisc":0,"reqTrained":false,"classSkill":false},{"sheetId":141,"skillId":833,"order":30,"skillName":"Sleight of Hand","skillAbility":"dex","skillRanks":0,"skillMisc":0,"reqTrained":true,"classSkill":false},{"sheetId":141,"skillId":834,"order":31,"skillName":"Spellcraft","skillAbility":"int","skillRanks":0,"skillMisc":0,"reqTrained":true,"classSkill":false},{"sheetId":141,"skillId":835,"order":32,"skillName":"Stealth","skillAbility":"dex","skillRanks":0,"skillMisc":0,"reqTrained":false,"classSkill":false},{"sheetId":141,"skillId":836,"order":33,"skillName":"Survival","skillAbility":"wis","skillRanks":0,"skillMisc":0,"reqTrained":false,"classSkill":false},{"sheetId":141,"skillId":837,"order":34,"skillName":"Swim","skillAbility":"str","skillRanks":0,"skillMisc":0,"reqTrained":false,"classSkill":false},{"sheetId":141,"skillId":838,"order":35,"skillName":"Use Magic Device","skillAbility":"cha","skillRanks":0,"skillMisc":0,"reqTrained":true,"classSkill":false}],"sheetSpeeds":{"sheetId":141,"speedBase":0,"speedFly":0,"speedSwim":0,"speedClimb":0,"speedBurrow":0,"calculateBy":null},"sheetAbilities":[],"sheetFeats":[],"sheetItems":[],"sheetMoney":{"sheetId":141,"pp":0,"gp":0,"sp":0,"cp":0},"sheetRacialTraits":[],"sheetWeapons":[{"sheetId":141,"weaponName":"Test Sword","masterwork":true,"enhancementBonus":0,"damageRoll":"1d10","criticalRange":"19-20","criticalMultiplier":"x3","attackAbility":"str","damageAbility":"str","range":5,"twoHand":true,"bludgeoning":false,"piercing":true,"slashing":true,"weight":0,"proficient":true,"worth":0}],"sheetAbilityScoreColumns":[{"sheetId":141,"columnId":97,"columnName":"BASE","strRow":10,"dexRow":10,"conRow":10,"intRow":10,"wisRow":10,"chaRow":10,"enabled":true}]}
2017-03-02 14:29:29,889 104064 [http-nio-8080-exec-5] INFO  logger  - Test Sheet
2017-03-02 14:29:29,889 104064 [http-nio-8080-exec-5] INFO  logger  - dao created
2017-03-02 14:29:29,889 104064 [http-nio-8080-exec-5] INFO  logger  - Saving/updating sheet in hibernate...
2017-03-02 14:29:45,883 120058 [http-nio-8080-exec-6] INFO  logger  - saving sheet...
2017-03-02 14:29:45,884 120059 [http-nio-8080-exec-6] INFO  logger  - json string created
2017-03-02 14:29:45,884 120059 [http-nio-8080-exec-6] INFO  logger  - sheet value: {"sheetId":141,"ownerUsername":"testUser3","characterName":"Test Sheet","characterRace":"Human","dateCreated":1488486474000,"lastAccessed":1488486526000,"campaign":"","sheetClasses":[{"sheetId":141,"classId":41,"className":"Test Class","archetype":"","level":1,"hitPoints":10,"hitDie":10,"babProgression":"full","fortProgression":"fast","refProgression":"fast","skillsPerLevel":2,"willProgression":"slow","casterAbility":"---","spellCap":"None","castingType":"None","preparedCaster":false,"casterBonusMisc":0,"description":null,"sheetSpells":[],"sheetClassFeatures":[]}],"sheetDescription":{"sheetId":141,"gender":null,"alignment":null,"deity":null,"age":null,"height":null,"weight":null,"visualDescription":null,"biography":null,"languages":null},"sheetGeneral":{"sheetId":141,"hpCurrent":10,"initMisc":0,"fortMisc":0,"refMisc":0,"willMisc":0,"favoredClassId":0,"fcHitPoints":0,"fcSkillRanks":0,"fcAlternateBonus":0,"fcAlternateBonusDesc":"None"},"sheetArmors":[],"sheetSkills":[{"sheetId":141,"skillId":804,"order":1,"skillName":"Acrobatics","skillAbility":"dex","skillRanks":0,"skillMisc":0,"reqTrained":false,"classSkill":false},{"sheetId":141,"skillId":805,"order":2,"skillName":"Appraise","skillAbility":"int","skillRanks":0,"skillMisc":0,"reqTrained":false,"classSkill":false},{"sheetId":141,"skillId":806,"order":3,"skillName":"Bluff","skillAbility":"cha","skillRanks":0,"skillMisc":0,"reqTrained":false,"classSkill":false},{"sheetId":141,"skillId":807,"order":4,"skillName":"Climb","skillAbility":"str","skillRanks":0,"skillMisc":0,"reqTrained":false,"classSkill":false},{"sheetId":141,"skillId":808,"order":5,"skillName":"Craft","skillAbility":"int","skillRanks":0,"skillMisc":0,"reqTrained":false,"classSkill":false},{"sheetId":141,"skillId":809,"order":6,"skillName":"Diplomacy","skillAbility":"cha","skillRanks":0,"skillMisc":0,"reqTrained":false,"classSkill":false},{"sheetId":141,"skillId":810,"order":7,"skillName":"Disable Device","skillAbility":"dex","skillRanks":0,"skillMisc":0,"reqTrained":true,"classSkill":false},{"sheetId":141,"skillId":811,"order":8,"skillName":"Disguise","skillAbility":"cha","skillRanks":0,"skillMisc":0,"reqTrained":false,"classSkill":false},{"sheetId":141,"skillId":812,"order":9,"skillName":"Escape Artist","skillAbility":"dex","skillRanks":0,"skillMisc":0,"reqTrained":false,"classSkill":false},{"sheetId":141,"skillId":813,"order":10,"skillName":"Fly","skillAbility":"dex","skillRanks":0,"skillMisc":0,"reqTrained":false,"classSkill":false},{"sheetId":141,"skillId":814,"order":11,"skillName":"Handle Animal","skillAbility":"cha","skillRanks":0,"skillMisc":0,"reqTrained":true,"classSkill":false},{"sheetId":141,"skillId":815,"order":12,"skillName":"Heal","skillAbility":"wis","skillRanks":0,"skillMisc":0,"reqTrained":false,"classSkill":false},{"sheetId":141,"skillId":816,"order":13,"skillName":"Intimidate","skillAbility":"cha","skillRanks":0,"skillMisc":0,"reqTrained":false,"classSkill":false},{"sheetId":141,"skillId":817,"order":14,"skillName":"Knowledge (Arcana)","skillAbility":"int","skillRanks":0,"skillMisc":0,"reqTrained":true,"classSkill":false},{"sheetId":141,"skillId":818,"order":15,"skillName":"Knowledge (Dungeoneering)","skillAbility":"int","skillRanks":0,"skillMisc":0,"reqTrained":true,"classSkill":false},{"sheetId":141,"skillId":819,"order":16,"skillName":"Knowledge (Engineering)","skillAbility":"int","skillRanks":0,"skillMisc":0,"reqTrained":true,"classSkill":false},{"sheetId":141,"skillId":820,"order":17,"skillName":"Knowledge (Geography)","skillAbility":"int","skillRanks":0,"skillMisc":0,"reqTrained":true,"classSkill":false},{"sheetId":141,"skillId":821,"order":18,"skillName":"Knowledge (History)","skillAbility":"int","skillRanks":0,"skillMisc":0,"reqTrained":true,"classSkill":false},{"sheetId":141,"skillId":822,"order":19,"skillName":"Knowledge (Local)","skillAbility":"int","skillRanks":0,"skillMisc":0,"reqTrained":true,"classSkill":false},{"sheetId":141,"skillId":823,"order":20,"skillName":"Knowledge (Nature)","skillAbility":"int","skillRanks":0,"skillMisc":0,"reqTrained":true,"classSkill":false},{"sheetId":141,"skillId":824,"order":21,"skillName":"Knowledge (Nobility)","skillAbility":"int","skillRanks":0,"skillMisc":0,"reqTrained":true,"classSkill":false},{"sheetId":141,"skillId":825,"order":22,"skillName":"Knowledge (Planes)","skillAbility":"int","skillRanks":0,"skillMisc":0,"reqTrained":true,"classSkill":false},{"sheetId":141,"skillId":826,"order":23,"skillName":"Knowledge (Religion)","skillAbility":"int","skillRanks":0,"skillMisc":0,"reqTrained":true,"classSkill":false},{"sheetId":141,"skillId":827,"order":24,"skillName":"Linguistics","skillAbility":"int","skillRanks":0,"skillMisc":0,"reqTrained":true,"classSkill":false},{"sheetId":141,"skillId":828,"order":25,"skillName":"Perception","skillAbility":"wis","skillRanks":0,"skillMisc":0,"reqTrained":false,"classSkill":false},{"sheetId":141,"skillId":829,"order":26,"skillName":"Perform","skillAbility":"cha","skillRanks":0,"skillMisc":0,"reqTrained":false,"classSkill":false},{"sheetId":141,"skillId":830,"order":27,"skillName":"Profession","skillAbility":"wis","skillRanks":0,"skillMisc":0,"reqTrained":true,"classSkill":false},{"sheetId":141,"skillId":831,"order":28,"skillName":"Ride","skillAbility":"dex","skillRanks":0,"skillMisc":0,"reqTrained":false,"classSkill":false},{"sheetId":141,"skillId":832,"order":29,"skillName":"Sense Motive","skillAbility":"wis","skillRanks":0,"skillMisc":0,"reqTrained":false,"classSkill":false},{"sheetId":141,"skillId":833,"order":30,"skillName":"Sleight of Hand","skillAbility":"dex","skillRanks":0,"skillMisc":0,"reqTrained":true,"classSkill":false},{"sheetId":141,"skillId":834,"order":31,"skillName":"Spellcraft","skillAbility":"int","skillRanks":0,"skillMisc":0,"reqTrained":true,"classSkill":false},{"sheetId":141,"skillId":835,"order":32,"skillName":"Stealth","skillAbility":"dex","skillRanks":0,"skillMisc":0,"reqTrained":false,"classSkill":false},{"sheetId":141,"skillId":836,"order":33,"skillName":"Survival","skillAbility":"wis","skillRanks":0,"skillMisc":0,"reqTrained":false,"classSkill":false},{"sheetId":141,"skillId":837,"order":34,"skillName":"Swim","skillAbility":"str","skillRanks":0,"skillMisc":0,"reqTrained":false,"classSkill":false},{"sheetId":141,"skillId":838,"order":35,"skillName":"Use Magic Device","skillAbility":"cha","skillRanks":0,"skillMisc":0,"reqTrained":true,"classSkill":false}],"sheetSpeeds":{"sheetId":141,"speedBase":0,"speedFly":0,"speedSwim":0,"speedClimb":0,"speedBurrow":0,"calculateBy":null},"sheetAbilities":[],"sheetFeats":[],"sheetItems":[],"sheetMoney":{"sheetId":141,"pp":0,"gp":0,"sp":0,"cp":0},"sheetRacialTraits":[],"sheetWeapons":[{"sheetId":141,"weaponName":"Test Sword","masterwork":true,"enhancementBonus":0,"damageRoll":"1d10","criticalRange":"19-20","criticalMultiplier":"x3","attackAbility":"str","damageAbility":"str","range":5,"twoHand":true,"bludgeoning":false,"piercing":true,"slashing":true,"weight":0,"proficient":true,"worth":0}],"sheetAbilityScoreColumns":[{"sheetId":141,"columnId":97,"columnName":"BASE","strRow":14,"dexRow":10,"conRow":10,"intRow":10,"wisRow":10,"chaRow":10,"enabled":true},{"sheetId":141,"columnName":"new","strRow":2,"dexRow":0,"conRow":0,"intRow":0,"wisRow":0,"chaRow":0,"enabled":true}]}
2017-03-02 14:29:45,932 120107 [http-nio-8080-exec-6] INFO  logger  - Test Sheet
2017-03-02 14:29:45,932 120107 [http-nio-8080-exec-6] INFO  logger  - dao created
2017-03-02 14:29:45,932 120107 [http-nio-8080-exec-6] INFO  logger  - Saving/updating sheet in hibernate...
2017-03-02 14:30:52,173 186348 [http-nio-8080-exec-4] INFO  logger  - dao created
2017-03-02 14:30:52,190 186365 [http-nio-8080-exec-4] INFO  logger  - 97
2017-03-02 14:30:52,190 186365 [http-nio-8080-exec-4] INFO  logger  - 98
2017-03-02 14:30:52,193 186368 [http-nio-8080-exec-4] INFO  logger  - 1
2017-03-02 14:31:03,947 198122 [http-nio-8080-exec-6] INFO  logger  - saving sheet...
2017-03-02 14:31:03,947 198122 [http-nio-8080-exec-6] INFO  logger  - json string created
2017-03-02 14:31:03,947 198122 [http-nio-8080-exec-6] INFO  logger  - sheet value: {"sheetId":141,"ownerUsername":"testUser3","characterName":"Test Sheet","characterRace":"Human","dateCreated":1488486474000,"lastAccessed":1488486586000,"campaign":"","sheetClasses":[{"sheetId":141,"classId":41,"className":"Test Class","archetype":"","level":1,"hitPoints":10,"hitDie":10,"babProgression":"full","fortProgression":"fast","refProgression":"fast","skillsPerLevel":2,"willProgression":"slow","casterAbility":"---","spellCap":"None","castingType":"None","preparedCaster":false,"casterBonusMisc":0,"description":null,"sheetSpells":[],"sheetClassFeatures":[]}],"sheetDescription":{"sheetId":141,"gender":null,"alignment":null,"deity":null,"age":null,"height":null,"weight":null,"visualDescription":null,"biography":null,"languages":null},"sheetGeneral":{"sheetId":141,"hpCurrent":10,"initMisc":0,"fortMisc":0,"refMisc":0,"willMisc":0,"favoredClassId":0,"fcHitPoints":0,"fcSkillRanks":0,"fcAlternateBonus":0,"fcAlternateBonusDesc":"None"},"sheetArmors":[],"sheetSkills":[{"sheetId":141,"skillId":804,"order":1,"skillName":"Acrobatics","skillAbility":"dex","skillRanks":0,"skillMisc":0,"reqTrained":false,"classSkill":false},{"sheetId":141,"skillId":805,"order":2,"skillName":"Appraise","skillAbility":"int","skillRanks":0,"skillMisc":0,"reqTrained":false,"classSkill":false},{"sheetId":141,"skillId":806,"order":3,"skillName":"Bluff","skillAbility":"cha","skillRanks":0,"skillMisc":0,"reqTrained":false,"classSkill":false},{"sheetId":141,"skillId":807,"order":4,"skillName":"Climb","skillAbility":"str","skillRanks":0,"skillMisc":0,"reqTrained":false,"classSkill":false},{"sheetId":141,"skillId":808,"order":5,"skillName":"Craft","skillAbility":"int","skillRanks":0,"skillMisc":0,"reqTrained":false,"classSkill":false},{"sheetId":141,"skillId":809,"order":6,"skillName":"Diplomacy","skillAbility":"cha","skillRanks":0,"skillMisc":0,"reqTrained":false,"classSkill":false},{"sheetId":141,"skillId":810,"order":7,"skillName":"Disable Device","skillAbility":"dex","skillRanks":0,"skillMisc":0,"reqTrained":true,"classSkill":false},{"sheetId":141,"skillId":811,"order":8,"skillName":"Disguise","skillAbility":"cha","skillRanks":0,"skillMisc":0,"reqTrained":false,"classSkill":false},{"sheetId":141,"skillId":812,"order":9,"skillName":"Escape Artist","skillAbility":"dex","skillRanks":0,"skillMisc":0,"reqTrained":false,"classSkill":false},{"sheetId":141,"skillId":813,"order":10,"skillName":"Fly","skillAbility":"dex","skillRanks":0,"skillMisc":0,"reqTrained":false,"classSkill":false},{"sheetId":141,"skillId":814,"order":11,"skillName":"Handle Animal","skillAbility":"cha","skillRanks":0,"skillMisc":0,"reqTrained":true,"classSkill":false},{"sheetId":141,"skillId":815,"order":12,"skillName":"Heal","skillAbility":"wis","skillRanks":0,"skillMisc":0,"reqTrained":false,"classSkill":false},{"sheetId":141,"skillId":816,"order":13,"skillName":"Intimidate","skillAbility":"cha","skillRanks":0,"skillMisc":0,"reqTrained":false,"classSkill":false},{"sheetId":141,"skillId":817,"order":14,"skillName":"Knowledge (Arcana)","skillAbility":"int","skillRanks":0,"skillMisc":0,"reqTrained":true,"classSkill":false},{"sheetId":141,"skillId":818,"order":15,"skillName":"Knowledge (Dungeoneering)","skillAbility":"int","skillRanks":0,"skillMisc":0,"reqTrained":true,"classSkill":false},{"sheetId":141,"skillId":819,"order":16,"skillName":"Knowledge (Engineering)","skillAbility":"int","skillRanks":0,"skillMisc":0,"reqTrained":true,"classSkill":false},{"sheetId":141,"skillId":820,"order":17,"skillName":"Knowledge (Geography)","skillAbility":"int","skillRanks":0,"skillMisc":0,"reqTrained":true,"classSkill":false},{"sheetId":141,"skillId":821,"order":18,"skillName":"Knowledge (History)","skillAbility":"int","skillRanks":0,"skillMisc":0,"reqTrained":true,"classSkill":false},{"sheetId":141,"skillId":822,"order":19,"skillName":"Knowledge (Local)","skillAbility":"int","skillRanks":0,"skillMisc":0,"reqTrained":true,"classSkill":false},{"sheetId":141,"skillId":823,"order":20,"skillName":"Knowledge (Nature)","skillAbility":"int","skillRanks":0,"skillMisc":0,"reqTrained":true,"classSkill":false},{"sheetId":141,"skillId":824,"order":21,"skillName":"Knowledge (Nobility)","skillAbility":"int","skillRanks":0,"skillMisc":0,"reqTrained":true,"classSkill":false},{"sheetId":141,"skillId":825,"order":22,"skillName":"Knowledge (Planes)","skillAbility":"int","skillRanks":0,"skillMisc":0,"reqTrained":true,"classSkill":false},{"sheetId":141,"skillId":826,"order":23,"skillName":"Knowledge (Religion)","skillAbility":"int","skillRanks":0,"skillMisc":0,"reqTrained":true,"classSkill":false},{"sheetId":141,"skillId":827,"order":24,"skillName":"Linguistics","skillAbility":"int","skillRanks":0,"skillMisc":0,"reqTrained":true,"classSkill":false},{"sheetId":141,"skillId":828,"order":25,"skillName":"Perception","skillAbility":"wis","skillRanks":0,"skillMisc":0,"reqTrained":false,"classSkill":false},{"sheetId":141,"skillId":829,"order":26,"skillName":"Perform","skillAbility":"cha","skillRanks":0,"skillMisc":0,"reqTrained":false,"classSkill":false},{"sheetId":141,"skillId":830,"order":27,"skillName":"Profession","skillAbility":"wis","skillRanks":0,"skillMisc":0,"reqTrained":true,"classSkill":false},{"sheetId":141,"skillId":831,"order":28,"skillName":"Ride","skillAbility":"dex","skillRanks":0,"skillMisc":0,"reqTrained":false,"classSkill":false},{"sheetId":141,"skillId":832,"order":29,"skillName":"Sense Motive","skillAbility":"wis","skillRanks":0,"skillMisc":0,"reqTrained":false,"classSkill":false},{"sheetId":141,"skillId":833,"order":30,"skillName":"Sleight of Hand","skillAbility":"dex","skillRanks":0,"skillMisc":0,"reqTrained":true,"classSkill":false},{"sheetId":141,"skillId":834,"order":31,"skillName":"Spellcraft","skillAbility":"int","skillRanks":0,"skillMisc":0,"reqTrained":true,"classSkill":false},{"sheetId":141,"skillId":835,"order":32,"skillName":"Stealth","skillAbility":"dex","skillRanks":0,"skillMisc":0,"reqTrained":false,"classSkill":false},{"sheetId":141,"skillId":836,"order":33,"skillName":"Survival","skillAbility":"wis","skillRanks":0,"skillMisc":0,"reqTrained":false,"classSkill":false},{"sheetId":141,"skillId":837,"order":34,"skillName":"Swim","skillAbility":"str","skillRanks":0,"skillMisc":0,"reqTrained":false,"classSkill":false},{"sheetId":141,"skillId":838,"order":35,"skillName":"Use Magic Device","skillAbility":"cha","skillRanks":0,"skillMisc":0,"reqTrained":true,"classSkill":false}],"sheetSpeeds":{"sheetId":141,"speedBase":0,"speedFly":0,"speedSwim":0,"speedClimb":0,"speedBurrow":0,"calculateBy":null},"sheetAbilities":[],"sheetFeats":[],"sheetItems":[],"sheetMoney":{"sheetId":141,"pp":0,"gp":0,"sp":0,"cp":0},"sheetRacialTraits":[],"sheetWeapons":[{"sheetId":141,"weaponId":19,"weaponName":"Test Sword","masterwork":true,"enhancementBonus":0,"damageRoll":"1d10","criticalRange":"19-20","criticalMultiplier":"x3","attackAbility":"str","damageAbility":"str","range":5,"twoHand":true,"bludgeoning":false,"piercing":true,"slashing":true,"weight":0,"proficient":true,"worth":0,"offHand":false}],"sheetAbilityScoreColumns":[{"sheetId":141,"columnId":97,"columnName":"BASE","strRow":14,"dexRow":10,"conRow":10,"intRow":10,"wisRow":10,"chaRow":10,"enabled":true},{"sheetId":141,"columnId":98,"columnName":"new","strRow":2,"dexRow":0,"conRow":0,"intRow":0,"wisRow":0,"chaRow":0,"enabled":true},{"sheetId":141,"columnName":"new","strRow":2,"dexRow":0,"conRow":0,"intRow":0,"wisRow":0,"chaRow":0,"enabled":true},{"sheetId":141,"columnName":"new","strRow":0,"dexRow":0,"conRow":0,"intRow":0,"wisRow":0,"chaRow":0,"enabled":true},{"sheetId":141,"columnName":"new","strRow":0,"dexRow":0,"conRow":0,"intRow":0,"wisRow":0,"chaRow":0,"enabled":true}]}
2017-03-02 14:31:03,983 198158 [http-nio-8080-exec-6] INFO  logger  - Test Sheet
2017-03-02 14:31:03,983 198158 [http-nio-8080-exec-6] INFO  logger  - dao created
2017-03-02 14:31:03,983 198158 [http-nio-8080-exec-6] INFO  logger  - Saving/updating sheet in hibernate...
2017-03-02 14:31:06,156 200331 [http-nio-8080-exec-9] INFO  logger  - dao created
2017-03-02 14:31:06,166 200341 [http-nio-8080-exec-9] INFO  logger  - 97
2017-03-02 14:31:06,167 200342 [http-nio-8080-exec-9] INFO  logger  - 98
2017-03-02 14:31:06,167 200342 [http-nio-8080-exec-9] INFO  logger  - 99
2017-03-02 14:31:06,175 200350 [http-nio-8080-exec-9] INFO  logger  - 1
2017-03-02 14:31:25,229 219404 [http-nio-8080-exec-5] INFO  logger  - saving sheet...
2017-03-02 14:31:25,230 219405 [http-nio-8080-exec-5] INFO  logger  - json string created
2017-03-02 14:31:25,230 219405 [http-nio-8080-exec-5] INFO  logger  - sheet value: {"sheetId":141,"ownerUsername":"testUser3","characterName":"Test Sheet","characterRace":"Human","dateCreated":1488486474000,"lastAccessed":1488486664000,"campaign":"","sheetClasses":[{"sheetId":141,"classId":41,"className":"Test Class","archetype":"","level":1,"hitPoints":10,"hitDie":10,"babProgression":"full","fortProgression":"fast","refProgression":"fast","skillsPerLevel":2,"willProgression":"slow","casterAbility":"---","spellCap":"None","castingType":"None","preparedCaster":false,"casterBonusMisc":0,"description":null,"sheetSpells":[],"sheetClassFeatures":[]}],"sheetDescription":{"sheetId":141,"gender":null,"alignment":null,"deity":null,"age":null,"height":null,"weight":null,"visualDescription":null,"biography":null,"languages":null},"sheetGeneral":{"sheetId":141,"hpCurrent":10,"initMisc":0,"fortMisc":0,"refMisc":0,"willMisc":0,"favoredClassId":0,"fcHitPoints":0,"fcSkillRanks":0,"fcAlternateBonus":0,"fcAlternateBonusDesc":"None"},"sheetArmors":[],"sheetSkills":[{"sheetId":141,"skillId":804,"order":1,"skillName":"Acrobatics","skillAbility":"dex","skillRanks":0,"skillMisc":0,"reqTrained":false,"classSkill":false},{"sheetId":141,"skillId":805,"order":2,"skillName":"Appraise","skillAbility":"int","skillRanks":0,"skillMisc":0,"reqTrained":false,"classSkill":false},{"sheetId":141,"skillId":806,"order":3,"skillName":"Bluff","skillAbility":"cha","skillRanks":0,"skillMisc":0,"reqTrained":false,"classSkill":false},{"sheetId":141,"skillId":807,"order":4,"skillName":"Climb","skillAbility":"str","skillRanks":0,"skillMisc":0,"reqTrained":false,"classSkill":false},{"sheetId":141,"skillId":808,"order":5,"skillName":"Craft","skillAbility":"int","skillRanks":0,"skillMisc":0,"reqTrained":false,"classSkill":false},{"sheetId":141,"skillId":809,"order":6,"skillName":"Diplomacy","skillAbility":"cha","skillRanks":0,"skillMisc":0,"reqTrained":false,"classSkill":false},{"sheetId":141,"skillId":810,"order":7,"skillName":"Disable Device","skillAbility":"dex","skillRanks":0,"skillMisc":0,"reqTrained":true,"classSkill":false},{"sheetId":141,"skillId":811,"order":8,"skillName":"Disguise","skillAbility":"cha","skillRanks":0,"skillMisc":0,"reqTrained":false,"classSkill":false},{"sheetId":141,"skillId":812,"order":9,"skillName":"Escape Artist","skillAbility":"dex","skillRanks":0,"skillMisc":0,"reqTrained":false,"classSkill":false},{"sheetId":141,"skillId":813,"order":10,"skillName":"Fly","skillAbility":"dex","skillRanks":0,"skillMisc":0,"reqTrained":false,"classSkill":false},{"sheetId":141,"skillId":814,"order":11,"skillName":"Handle Animal","skillAbility":"cha","skillRanks":0,"skillMisc":0,"reqTrained":true,"classSkill":false},{"sheetId":141,"skillId":815,"order":12,"skillName":"Heal","skillAbility":"wis","skillRanks":0,"skillMisc":0,"reqTrained":false,"classSkill":false},{"sheetId":141,"skillId":816,"order":13,"skillName":"Intimidate","skillAbility":"cha","skillRanks":0,"skillMisc":0,"reqTrained":false,"classSkill":false},{"sheetId":141,"skillId":817,"order":14,"skillName":"Knowledge (Arcana)","skillAbility":"int","skillRanks":0,"skillMisc":0,"reqTrained":true,"classSkill":false},{"sheetId":141,"skillId":818,"order":15,"skillName":"Knowledge (Dungeoneering)","skillAbility":"int","skillRanks":0,"skillMisc":0,"reqTrained":true,"classSkill":false},{"sheetId":141,"skillId":819,"order":16,"skillName":"Knowledge (Engineering)","skillAbility":"int","skillRanks":0,"skillMisc":0,"reqTrained":true,"classSkill":false},{"sheetId":141,"skillId":820,"order":17,"skillName":"Knowledge (Geography)","skillAbility":"int","skillRanks":0,"skillMisc":0,"reqTrained":true,"classSkill":false},{"sheetId":141,"skillId":821,"order":18,"skillName":"Knowledge (History)","skillAbility":"int","skillRanks":0,"skillMisc":0,"reqTrained":true,"classSkill":false},{"sheetId":141,"skillId":822,"order":19,"skillName":"Knowledge (Local)","skillAbility":"int","skillRanks":0,"skillMisc":0,"reqTrained":true,"classSkill":false},{"sheetId":141,"skillId":823,"order":20,"skillName":"Knowledge (Nature)","skillAbility":"int","skillRanks":0,"skillMisc":0,"reqTrained":true,"classSkill":false},{"sheetId":141,"skillId":824,"order":21,"skillName":"Knowledge (Nobility)","skillAbility":"int","skillRanks":0,"skillMisc":0,"reqTrained":true,"classSkill":false},{"sheetId":141,"skillId":825,"order":22,"skillName":"Knowledge (Planes)","skillAbility":"int","skillRanks":0,"skillMisc":0,"reqTrained":true,"classSkill":false},{"sheetId":141,"skillId":826,"order":23,"skillName":"Knowledge (Religion)","skillAbility":"int","skillRanks":0,"skillMisc":0,"reqTrained":true,"classSkill":false},{"sheetId":141,"skillId":827,"order":24,"skillName":"Linguistics","skillAbility":"int","skillRanks":0,"skillMisc":0,"reqTrained":true,"classSkill":false},{"sheetId":141,"skillId":828,"order":25,"skillName":"Perception","skillAbility":"wis","skillRanks":0,"skillMisc":0,"reqTrained":false,"classSkill":false},{"sheetId":141,"skillId":829,"order":26,"skillName":"Perform","skillAbility":"cha","skillRanks":0,"skillMisc":0,"reqTrained":false,"classSkill":false},{"sheetId":141,"skillId":830,"order":27,"skillName":"Profession","skillAbility":"wis","skillRanks":0,"skillMisc":0,"reqTrained":true,"classSkill":false},{"sheetId":141,"skillId":831,"order":28,"skillName":"Ride","skillAbility":"dex","skillRanks":0,"skillMisc":0,"reqTrained":false,"classSkill":false},{"sheetId":141,"skillId":832,"order":29,"skillName":"Sense Motive","skillAbility":"wis","skillRanks":0,"skillMisc":0,"reqTrained":false,"classSkill":false},{"sheetId":141,"skillId":833,"order":30,"skillName":"Sleight of Hand","skillAbility":"dex","skillRanks":0,"skillMisc":0,"reqTrained":true,"classSkill":false},{"sheetId":141,"skillId":834,"order":31,"skillName":"Spellcraft","skillAbility":"int","skillRanks":0,"skillMisc":0,"reqTrained":true,"classSkill":false},{"sheetId":141,"skillId":835,"order":32,"skillName":"Stealth","skillAbility":"dex","skillRanks":0,"skillMisc":0,"reqTrained":false,"classSkill":false},{"sheetId":141,"skillId":836,"order":33,"skillName":"Survival","skillAbility":"wis","skillRanks":0,"skillMisc":0,"reqTrained":false,"classSkill":false},{"sheetId":141,"skillId":837,"order":34,"skillName":"Swim","skillAbility":"str","skillRanks":0,"skillMisc":0,"reqTrained":false,"classSkill":false},{"sheetId":141,"skillId":838,"order":35,"skillName":"Use Magic Device","skillAbility":"cha","skillRanks":0,"skillMisc":0,"reqTrained":true,"classSkill":false}],"sheetSpeeds":{"sheetId":141,"speedBase":0,"speedFly":0,"speedSwim":0,"speedClimb":0,"speedBurrow":0,"calculateBy":null},"sheetAbilities":[],"sheetFeats":[],"sheetItems":[{"sheetId":141,"itemName":"","itemDescription":"","itemQuantity":0,"unitWeight":0,"unitValue":0},{"sheetId":141,"itemName":"","itemDescription":"","itemQuantity":0,"unitWeight":0,"unitValue":0},{"sheetId":141,"itemName":"","itemDescription":"","itemQuantity":0,"unitWeight":0,"unitValue":0}],"sheetMoney":{"sheetId":141,"pp":0,"gp":0,"sp":0,"cp":0},"sheetRacialTraits":[],"sheetWeapons":[{"sheetId":141,"weaponId":19,"weaponName":"Test Sword","masterwork":true,"enhancementBonus":0,"damageRoll":"1d10","criticalRange":"19-20","criticalMultiplier":"x3","attackAbility":"str","damageAbility":"str","range":5,"twoHand":true,"bludgeoning":false,"piercing":true,"slashing":true,"weight":0,"proficient":true,"worth":0,"offHand":false}],"sheetAbilityScoreColumns":[{"sheetId":141,"columnId":97,"columnName":"BASE","strRow":14,"dexRow":10,"conRow":10,"intRow":10,"wisRow":10,"chaRow":10,"enabled":true},{"sheetId":141,"columnId":98,"columnName":"new","strRow":2,"dexRow":0,"conRow":0,"intRow":0,"wisRow":0,"chaRow":0,"enabled":true},{"sheetId":141,"columnId":99,"columnName":"new","strRow":2,"dexRow":0,"conRow":0,"intRow":0,"wisRow":0,"chaRow":0,"enabled":true}]}
2017-03-02 14:31:25,263 219438 [http-nio-8080-exec-5] INFO  logger  - Test Sheet
2017-03-02 14:31:25,263 219438 [http-nio-8080-exec-5] INFO  logger  - dao created
2017-03-02 14:31:25,263 219438 [http-nio-8080-exec-5] INFO  logger  - Saving/updating sheet in hibernate...
2017-03-02 14:31:27,565 221740 [http-nio-8080-exec-7] INFO  logger  - dao created
2017-03-02 14:31:27,575 221750 [http-nio-8080-exec-7] INFO  logger  - 97
2017-03-02 14:31:27,575 221750 [http-nio-8080-exec-7] INFO  logger  - 98
2017-03-02 14:31:27,575 221750 [http-nio-8080-exec-7] INFO  logger  - 99
2017-03-02 14:31:27,578 221753 [http-nio-8080-exec-7] INFO  logger  - 1
2017-03-02 14:33:54,773 0    [main] INFO  logger  - dao created
2017-03-02 14:33:55,052 279  [main] INFO  org.hibernate.annotations.common.Version  - HCANN000001: Hibernate Commons Annotations {4.0.5.Final}
2017-03-02 14:33:55,065 292  [main] INFO  org.hibernate.Version  - HHH000412: Hibernate Core {4.3.11.Final}
2017-03-02 14:33:55,069 296  [main] INFO  org.hibernate.cfg.Environment  - HHH000206: hibernate.properties not found
2017-03-02 14:33:55,072 299  [main] INFO  org.hibernate.cfg.Environment  - HHH000021: Bytecode provider name : javassist
2017-03-02 14:33:55,111 338  [main] INFO  org.hibernate.cfg.Configuration  - HHH000043: Configuring from resource: /hibernate.cfg.xml
2017-03-02 14:33:55,112 339  [main] INFO  org.hibernate.cfg.Configuration  - HHH000040: Configuration resource: /hibernate.cfg.xml
2017-03-02 14:33:55,361 588  [main] INFO  org.hibernate.cfg.Configuration  - HHH000041: Configured SessionFactory: null
2017-03-02 14:33:55,537 764  [main] WARN  org.hibernate.engine.jdbc.connections.internal.DriverManagerConnectionProviderImpl  - HHH000402: Using Hibernate built-in connection pool (not for production use!)
2017-03-02 14:33:55,549 776  [main] INFO  org.hibernate.engine.jdbc.connections.internal.DriverManagerConnectionProviderImpl  - HHH000401: using driver [com.mysql.jdbc.Driver] at URL [jdbc:mysql://localhost:3306/pathfinderdb]
2017-03-02 14:33:55,550 777  [main] INFO  org.hibernate.engine.jdbc.connections.internal.DriverManagerConnectionProviderImpl  - HHH000046: Connection properties: {user=root, password=****}
2017-03-02 14:33:55,550 777  [main] INFO  org.hibernate.engine.jdbc.connections.internal.DriverManagerConnectionProviderImpl  - HHH000006: Autocommit mode: false
2017-03-02 14:33:55,553 780  [main] INFO  org.hibernate.engine.jdbc.connections.internal.DriverManagerConnectionProviderImpl  - HHH000115: Hibernate connection pool size: 20 (min=1)
2017-03-02 14:33:56,011 1238 [main] INFO  org.hibernate.dialect.Dialect  - HHH000400: Using dialect: org.hibernate.dialect.MySQL5Dialect
2017-03-02 14:33:56,513 1740 [main] INFO  org.hibernate.engine.transaction.internal.TransactionFactoryInitiator  - HHH000399: Using default transaction strategy (direct JDBC transactions)
2017-03-02 14:33:56,523 1750 [main] INFO  org.hibernate.hql.internal.ast.ASTQueryTranslatorFactory  - HHH000397: Using ASTQueryTranslatorFactory
2017-03-02 14:33:57,780 3007 [main] INFO  logger  - creating sheet
2017-03-02 14:33:57,835 3062 [main] INFO  logger  - creating description
2017-03-02 14:33:57,836 3063 [main] INFO  logger  - creating general
2017-03-02 14:33:57,840 3067 [main] INFO  logger  - creating ability columns
2017-03-02 14:33:57,841 3068 [main] INFO  logger  - adding ability column BASE with id = 0
2017-03-02 14:33:57,841 3068 [main] INFO  logger  - adding ability column RACE with id = 1
2017-03-02 14:33:57,841 3068 [main] INFO  logger  - adding ability column MISC with id = 2
2017-03-02 14:33:57,841 3068 [main] INFO  logger  - adding ability column TEMP with id = 3
2017-03-02 14:33:57,841 3068 [main] INFO  logger  - creating skills
2017-03-02 14:33:58,350 3577 [main] INFO  logger  - 100
2017-03-02 14:33:58,382 3609 [main] INFO  logger  - Saving/updating sheet in hibernate...
2017-03-02 14:33:58,609 3836 [main] INFO  logger  - 101
2017-03-02 14:33:58,794 4021 [main] INFO  logger  - dao created
2017-03-02 14:33:58,796 4023 [main] INFO  logger  - creating sheet
2017-03-02 14:33:58,800 4027 [main] INFO  logger  - creating description
2017-03-02 14:33:58,800 4027 [main] INFO  logger  - creating general
2017-03-02 14:33:58,800 4027 [main] INFO  logger  - creating ability columns
2017-03-02 14:33:58,800 4027 [main] INFO  logger  - adding ability column BASE with id = 0
2017-03-02 14:33:58,800 4027 [main] INFO  logger  - adding ability column RACE with id = 1
2017-03-02 14:33:58,800 4027 [main] INFO  logger  - adding ability column MISC with id = 2
2017-03-02 14:33:58,801 4028 [main] INFO  logger  - adding ability column TEMP with id = 3
2017-03-02 14:33:58,801 4028 [main] INFO  logger  - creating skills
2017-03-02 14:33:58,943 4170 [main] INFO  logger  - 102
2017-03-02 14:33:59,136 4363 [main] INFO  logger  - dao created
2017-03-02 14:33:59,136 4363 [main] INFO  logger  - in getListOfSheets
2017-03-02 14:33:59,212 4439 [main] INFO  logger  - dao created
2017-03-02 14:33:59,219 4446 [main] INFO  logger  - 4
2017-03-02 14:33:59,219 4446 [main] INFO  logger  - 42
2017-03-02 14:33:59,219 4446 [main] INFO  logger  - 43
2017-03-02 14:33:59,219 4446 [main] INFO  logger  - 50
2017-03-02 14:33:59,219 4446 [main] INFO  logger  - 52
2017-03-02 14:33:59,222 4449 [main] INFO  logger  - 4
2017-03-02 14:33:59,231 4458 [main] INFO  logger  - 3
